<?xml version="1.0" encoding="UTF-8"?>
<!-- Generated by org.testng.reporters.JUnitReportReporter -->
<testsuite skipped="0" hostname="ULTP_610" name="seeitoi.LoginPage_TestScenario" tests="1" failures="0" timestamp="06 Sep 2017 08:12:58 GMT" time="19.053" errors="0">
  <testcase name="testLoginValid" time="19.053" classname="seeitoi.LoginPage_TestScenario"/>
</testsuite> <!-- seeitoi.LoginPage_TestScenario -->
