<?xml version="1.0" encoding="UTF-8"?>
<!-- Generated by org.testng.reporters.JUnitReportReporter -->
<testsuite skipped="0" hostname="ULTP_610" name="seeitoi.LoginPage_TestScenario" tests="1" failures="0" timestamp="13 Sep 2017 10:47:23 GMT" time="31.599" errors="0">
  <testcase name="testLoginValid" time="31.599" classname="seeitoi.LoginPage_TestScenario"/>
</testsuite> <!-- seeitoi.LoginPage_TestScenario -->
