<?xml version="1.0" encoding="UTF-8"?>
<!-- Generated by org.testng.reporters.JUnitReportReporter -->
<testsuite skipped="0" hostname="ULTP_610" name="seeitoi.LoginPage_TestScenario" tests="1" failures="0" timestamp="05 Sep 2017 09:33:38 GMT" time="14.989" errors="0">
  <testcase name="testLoginValid" time="14.989" classname="seeitoi.LoginPage_TestScenario"/>
</testsuite> <!-- seeitoi.LoginPage_TestScenario -->
